[2025-08-26 15:50:32] Executing bootstrap tasks
[2025-08-26 15:50:32] OpenJDK Runtime Environment 21.0.7+6-LTS
[2025-08-26 15:50:32] Product org.eclipse.products.epp.package.jee.2025-06
[2025-08-26 15:50:32] Bundle org.eclipse.oomph.setup 1.32.0.v20250521-1019, build=939, branch=e3c6c0bb2f085c104beee4d836bfc74beff72398
[2025-08-26 15:50:32] Bundle org.eclipse.oomph.setup.core 1.34.0.v20250509-1106, build=939, branch=e3c6c0bb2f085c104beee4d836bfc74beff72398
[2025-08-26 15:50:32] Bundle org.eclipse.oomph.setup.p2 1.22.0.v20250302-1233, build=939, branch=e3c6c0bb2f085c104beee4d836bfc74beff72398
[2025-08-26 15:50:32] Performing P2 Director (Eclipse IDE for Enterprise Java and Web Developers (2025-06) + JRE 21.0.8)
[2025-08-26 15:50:32] Offline = false
[2025-08-26 15:50:32] Mirrors = true
[2025-08-26 15:50:32] Resolving 95 requirements from 4 repositories to C:\Ryuheejae\workspace\003java\eclipse
[2025-08-26 15:50:32] Requirement org.eclipse.equinox.p2.iu:org.eclipse.justj.openjdk.hotspot.jre.full.feature.group (filter=(|(&(osgi.arch=aarch64)(osgi.os=linux))(&(osgi.arch=aarch64)(osgi.os=macosx))(&(osgi.arch=aarch64)(osgi.os=win32))(&(osgi.arch=ppc64le)(osgi.os=linux))(&(osgi.arch=riscv64)(osgi.os=linux))(&(osgi.arch=x86_64)(osgi.os=linux))(&(osgi.arch=x86_64)(osgi.os=macosx))(&(osgi.arch=x86_64)(osgi.os=win32))))
[2025-08-26 15:50:32] Requirement org.eclipse.equinox.p2.iu:epp.package.jee [4.36.0,5.0.0) (filter=(|(&(osgi.arch=aarch64)(osgi.os=linux)(osgi.ws=gtk))(&(osgi.arch=aarch64)(osgi.os=macosx)(osgi.ws=cocoa))(&(osgi.arch=aarch64)(osgi.os=win32)(osgi.ws=win32))(&(osgi.arch=riscv64)(osgi.os=linux)(osgi.ws=gtk))(&(osgi.arch=x86_64)(osgi.os=linux)(osgi.ws=gtk))(&(osgi.arch=x86_64)(osgi.os=macosx)(osgi.ws=cocoa))(&(osgi.arch=x86_64)(osgi.os=win32)(osgi.ws=win32))))
[2025-08-26 15:50:32] Requirement org.eclipse.equinox.p2.iu:org.eclipse.platform.feature.group [4.36.0,5.0.0)
[2025-08-26 15:50:32] Requirement org.eclipse.equinox.p2.iu:org.eclipse.rcp.feature.group [4.36.0,5.0.0)
[2025-08-26 15:50:32] Requirement org.eclipse.equinox.p2.iu:org.eclipse.buildship.feature.group
[2025-08-26 15:50:32] Requirement org.eclipse.equinox.p2.iu:org.eclipse.datatools.common.doc.user.feature.group
[2025-08-26 15:50:32] Requirement org.eclipse.equinox.p2.iu:org.eclipse.datatools.connectivity.doc.user.feature.group
[2025-08-26 15:50:32] Requirement org.eclipse.equinox.p2.iu:org.eclipse.datatools.connectivity.feature.feature.group
[2025-08-26 15:50:32] Requirement org.eclipse.equinox.p2.iu:org.eclipse.datatools.connectivity.oda.designer.core.feature.feature.group
[2025-08-26 15:50:32] Requirement org.eclipse.equinox.p2.iu:org.eclipse.datatools.connectivity.oda.designer.feature.feature.group
[2025-08-26 15:50:32] Requirement org.eclipse.equinox.p2.iu:org.eclipse.datatools.connectivity.oda.feature.feature.group
[2025-08-26 15:50:32] Requirement org.eclipse.equinox.p2.iu:org.eclipse.datatools.doc.user.feature.group
[2025-08-26 15:50:32] Requirement org.eclipse.equinox.p2.iu:org.eclipse.datatools.enablement.apache.derby.feature.feature.group
[2025-08-26 15:50:32] Requirement org.eclipse.equinox.p2.iu:org.eclipse.datatools.enablement.feature.feature.group
[2025-08-26 15:50:32] Requirement org.eclipse.equinox.p2.iu:org.eclipse.datatools.enablement.hsqldb.feature.feature.group
[2025-08-26 15:50:32] Requirement org.eclipse.equinox.p2.iu:org.eclipse.datatools.enablement.ibm.feature.feature.group
[2025-08-26 15:50:32] Requirement org.eclipse.equinox.p2.iu:org.eclipse.datatools.enablement.ingres.feature.feature.group
[2025-08-26 15:50:32] Requirement org.eclipse.equinox.p2.iu:org.eclipse.datatools.enablement.jdbc.feature.feature.group
[2025-08-26 15:50:32] Requirement org.eclipse.equinox.p2.iu:org.eclipse.datatools.enablement.jdt.feature.feature.group
[2025-08-26 15:50:32] Requirement org.eclipse.equinox.p2.iu:org.eclipse.datatools.enablement.msft.feature.feature.group
[2025-08-26 15:50:32] Requirement org.eclipse.equinox.p2.iu:org.eclipse.datatools.enablement.mysql.feature.feature.group
[2025-08-26 15:50:32] Requirement org.eclipse.equinox.p2.iu:org.eclipse.datatools.enablement.oda.designer.feature.feature.group
[2025-08-26 15:50:32] Requirement org.eclipse.equinox.p2.iu:org.eclipse.datatools.enablement.oda.feature.feature.group
[2025-08-26 15:50:32] Requirement org.eclipse.equinox.p2.iu:org.eclipse.datatools.enablement.oracle.feature.feature.group
[2025-08-26 15:50:32] Requirement org.eclipse.equinox.p2.iu:org.eclipse.datatools.enablement.postgresql.feature.feature.group
[2025-08-26 15:50:32] Requirement org.eclipse.equinox.p2.iu:org.eclipse.datatools.enablement.sap.feature.feature.group
[2025-08-26 15:50:32] Requirement org.eclipse.equinox.p2.iu:org.eclipse.datatools.enablement.sdk.feature.feature.group
[2025-08-26 15:50:32] Requirement org.eclipse.equinox.p2.iu:org.eclipse.datatools.enablement.sqlite.feature.feature.group
[2025-08-26 15:50:32] Requirement org.eclipse.equinox.p2.iu:org.eclipse.datatools.enablement.sybase.feature.feature.group
[2025-08-26 15:50:32] Requirement org.eclipse.equinox.p2.iu:org.eclipse.datatools.intro.feature.group
[2025-08-26 15:50:32] Requirement org.eclipse.equinox.p2.iu:org.eclipse.datatools.modelbase.feature.feature.group
[2025-08-26 15:50:32] Requirement org.eclipse.equinox.p2.iu:org.eclipse.datatools.sdk.feature.feature.group
[2025-08-26 15:50:32] Requirement org.eclipse.equinox.p2.iu:org.eclipse.datatools.sqldevtools.data.feature.feature.group
[2025-08-26 15:50:32] Requirement org.eclipse.equinox.p2.iu:org.eclipse.datatools.sqldevtools.ddl.feature.feature.group
[2025-08-26 15:50:32] Requirement org.eclipse.equinox.p2.iu:org.eclipse.datatools.sqldevtools.ddlgen.feature.feature.group
[2025-08-26 15:50:32] Requirement org.eclipse.equinox.p2.iu:org.eclipse.datatools.sqldevtools.feature.feature.group
[2025-08-26 15:50:32] Requirement org.eclipse.equinox.p2.iu:org.eclipse.datatools.sqldevtools.parsers.feature.feature.group
[2025-08-26 15:50:32] Requirement org.eclipse.equinox.p2.iu:org.eclipse.datatools.sqldevtools.results.feature.feature.group
[2025-08-26 15:50:32] Requirement org.eclipse.equinox.p2.iu:org.eclipse.datatools.sqldevtools.schemaobjecteditor.feature.feature.group
[2025-08-26 15:50:32] Requirement org.eclipse.equinox.p2.iu:org.eclipse.datatools.sqldevtools.sqlbuilder.feature.feature.group
[2025-08-26 15:50:32] Requirement org.eclipse.equinox.p2.iu:org.eclipse.datatools.sqltools.doc.user.feature.group
[2025-08-26 15:50:32] Requirement org.eclipse.equinox.p2.iu:org.eclipse.eclemma.feature.feature.group
[2025-08-26 15:50:32] Requirement org.eclipse.equinox.p2.iu:org.eclipse.egit.feature.group
[2025-08-26 15:50:32] Requirement org.eclipse.equinox.p2.iu:org.eclipse.epp.mpc.feature.group
[2025-08-26 15:50:32] Requirement org.eclipse.equinox.p2.iu:org.eclipse.jdt.bcoview.feature.feature.group
[2025-08-26 15:50:32] Requirement org.eclipse.equinox.p2.iu:org.eclipse.jdt.feature.group
[2025-08-26 15:50:32] Requirement org.eclipse.equinox.p2.iu:org.eclipse.jgit.feature.group
[2025-08-26 15:50:32] Requirement org.eclipse.equinox.p2.iu:org.eclipse.jpt.common.eclipselink.feature.feature.group
[2025-08-26 15:50:32] Requirement org.eclipse.equinox.p2.iu:org.eclipse.jpt.common.feature.feature.group
[2025-08-26 15:50:32] Requirement org.eclipse.equinox.p2.iu:org.eclipse.jpt.jaxb.eclipselink.feature.feature.group
[2025-08-26 15:50:32] Requirement org.eclipse.equinox.p2.iu:org.eclipse.jpt.jaxb.feature.feature.group
[2025-08-26 15:50:32] Requirement org.eclipse.equinox.p2.iu:org.eclipse.jpt.jpa.eclipselink.feature.feature.group
[2025-08-26 15:50:32] Requirement org.eclipse.equinox.p2.iu:org.eclipse.jpt.jpa.feature.feature.group
[2025-08-26 15:50:32] Requirement org.eclipse.equinox.p2.iu:org.eclipse.jsf.feature.feature.group
[2025-08-26 15:50:32] Requirement org.eclipse.equinox.p2.iu:org.eclipse.jst.common.fproj.enablement.jdt.feature.group
[2025-08-26 15:50:32] Requirement org.eclipse.equinox.p2.iu:org.eclipse.jst.enterprise_ui.feature.feature.group
[2025-08-26 15:50:32] Requirement org.eclipse.equinox.p2.iu:org.eclipse.jst.jsf.apache.trinidad.tagsupport.feature.feature.group
[2025-08-26 15:50:32] Requirement org.eclipse.equinox.p2.iu:org.eclipse.jst.server_adapters.ext.feature.feature.group
[2025-08-26 15:50:32] Requirement org.eclipse.equinox.p2.iu:org.eclipse.jst.server_adapters.feature.feature.group
[2025-08-26 15:50:32] Requirement org.eclipse.equinox.p2.iu:org.eclipse.jst.server_ui.feature.feature.group
[2025-08-26 15:50:32] Requirement org.eclipse.equinox.p2.iu:org.eclipse.jst.web_ui.feature.feature.group
[2025-08-26 15:50:32] Requirement org.eclipse.equinox.p2.iu:org.eclipse.jst.webpageeditor.feature.feature.group
[2025-08-26 15:50:32] Requirement org.eclipse.equinox.p2.iu:org.eclipse.jst.ws.axis2tools.feature.feature.group
[2025-08-26 15:50:32] Requirement org.eclipse.equinox.p2.iu:org.eclipse.jst.ws.cxf.feature.feature.group
[2025-08-26 15:50:32] Requirement org.eclipse.equinox.p2.iu:org.eclipse.jst.ws.jaxws.dom.feature.feature.group
[2025-08-26 15:50:32] Requirement org.eclipse.equinox.p2.iu:org.eclipse.jst.ws.jaxws.feature.feature.group
[2025-08-26 15:50:32] Requirement org.eclipse.equinox.p2.iu:org.eclipse.m2e.feature.feature.group
[2025-08-26 15:50:32] Requirement org.eclipse.equinox.p2.iu:org.eclipse.m2e.lemminx.feature.feature.group
[2025-08-26 15:50:32] Requirement org.eclipse.equinox.p2.iu:org.eclipse.m2e.logback.feature.feature.group
[2025-08-26 15:50:32] Requirement org.eclipse.equinox.p2.iu:org.eclipse.m2e.pde.feature.feature.group
[2025-08-26 15:50:32] Requirement org.eclipse.equinox.p2.iu:org.eclipse.m2e.wtp.feature.feature.group
[2025-08-26 15:50:32] Requirement org.eclipse.equinox.p2.iu:org.eclipse.m2e.wtp.jaxrs.feature.feature.group
[2025-08-26 15:50:32] Requirement org.eclipse.equinox.p2.iu:org.eclipse.m2e.wtp.jpa.feature.feature.group
[2025-08-26 15:50:32] Requirement org.eclipse.equinox.p2.iu:org.eclipse.m2e.wtp.jsf.feature.feature.group
[2025-08-26 15:50:32] Requirement org.eclipse.equinox.p2.iu:org.eclipse.mylyn.commons.activity.feature.feature.group
[2025-08-26 15:50:32] Requirement org.eclipse.equinox.p2.iu:org.eclipse.mylyn.egit.feature.feature.group
[2025-08-26 15:50:32] Requirement org.eclipse.equinox.p2.iu:org.eclipse.mylyn.git.feature.feature.group
[2025-08-26 15:50:32] Requirement org.eclipse.equinox.p2.iu:org.eclipse.mylyn.github.feature.feature.group
[2025-08-26 15:50:32] Requirement org.eclipse.equinox.p2.iu:org.eclipse.mylyn.ide.feature.feature.group
[2025-08-26 15:50:32] Requirement org.eclipse.equinox.p2.iu:org.eclipse.mylyn.jdt.feature.feature.group
[2025-08-26 15:50:32] Requirement org.eclipse.equinox.p2.iu:org.eclipse.mylyn.jenkins.feature.feature.group
[2025-08-26 15:50:32] Requirement org.eclipse.equinox.p2.iu:org.eclipse.mylyn.pde.feature.feature.group
[2025-08-26 15:50:32] Requirement org.eclipse.equinox.p2.iu:org.eclipse.mylyn.reviews.feature.feature.group
[2025-08-26 15:50:32] Requirement org.eclipse.equinox.p2.iu:org.eclipse.mylyn.wikitext.feature.feature.group
[2025-08-26 15:50:32] Requirement org.eclipse.equinox.p2.iu:org.eclipse.pde.feature.group
[2025-08-26 15:50:32] Requirement org.eclipse.equinox.p2.iu:org.eclipse.tips.feature.feature.group
[2025-08-26 15:50:32] Requirement org.eclipse.equinox.p2.iu:org.eclipse.tm.terminal.feature.feature.group
[2025-08-26 15:50:32] Requirement org.eclipse.equinox.p2.iu:org.eclipse.tm4e.feature.feature.group
[2025-08-26 15:50:32] Requirement org.eclipse.equinox.p2.iu:org.eclipse.tm4e.language_pack.feature.feature.group
[2025-08-26 15:50:32] Requirement org.eclipse.equinox.p2.iu:org.eclipse.wildwebdeveloper.embedder.node.feature.feature.group
[2025-08-26 15:50:32] Requirement org.eclipse.equinox.p2.iu:org.eclipse.wildwebdeveloper.feature.feature.group
[2025-08-26 15:50:32] Requirement org.eclipse.equinox.p2.iu:org.eclipse.wst.common.fproj.feature.group
[2025-08-26 15:50:32] Requirement org.eclipse.equinox.p2.iu:org.eclipse.wst.server_adapters.feature.feature.group
[2025-08-26 15:50:32] Requirement org.eclipse.equinox.p2.iu:org.eclipse.wst.xsl.feature.feature.group
[2025-08-26 15:50:32] Requirement org.eclipse.equinox.p2.iu:org.eclipse.oomph.setup.feature.group
[2025-08-26 15:50:32] Repository https://download.eclipse.org/justj/jres/21/updates/release/latest
[2025-08-26 15:50:32] Repository https://download.eclipse.org/technology/epp/packages/2025-06/202506041200
[2025-08-26 15:50:32] Repository https://download.eclipse.org/releases/2025-06/202506111000
[2025-08-26 15:50:32] Repository https://download.eclipse.org/oomph/updates/milestone/latest
